<?xml version="1.0" encoding="UTF-8"?>
<!-- Generated by org.testng.reporters.JUnitXMLReporter -->
<testsuite hostname="Win-10-Pro" ignored="0" name="Default test" tests="3" failures="0" timestamp="13 Sep 2020 18:01:46 GMT" time="15.483" errors="0">
  <testcase name="MonthDropDownList" time="0.707" classname="test.MonthsDropDownTest"/>
  <testcase name="UserIsAbleToGoToSite" time="7.613" classname="test.AddCategoryTest"/>
  <testcase name="UserIsNotAbleToAddDuplicateCategory" time="0.021" classname="test.AddCategoryTest"/>
</testsuite> <!-- Default test -->
